+---------------------------------------------------------------------+
|  Log file: pa.characterize.log                                      |
|  Compiler version: 9.11.2                                           |
|  Created on: Sun Apr 13 10:09:41 2025                               |
|  Run ID: 101cc9c3a6c14f75                                           |
+---------------------------------------------------------------------+

Program: main.p4

-------------------------------------------------------------------------------------------------------------------------------------------------------
| Container |  Gress  |                          Name                          | Class |  | P | 0 | 1  | 2 | 3 | 4 | 5 | 6 | 7 | 8 | 9 | 10 | 11 | D |
-------------------------------------------------------------------------------------------------------------------------------------------------------
|    phv0   | ingress |                                                        | OL,SH |  |   |   |    |   |   |   |   |   |   |   |   |    |    |   |
|   [31:0]  | ingress |               t_igr_relative_round[31:0]               |  meta |  |   |   | W  | R | R |   |   |   |   |   |   |    |    |   |
|   [31:0]  | ingress |                   t_igr_bytes[31:0]                    |  meta |  |   |   |    |   |   |   |   |   |   | W | R |    |    |   |
|    phv1   | ingress |                                                        |       |  |   |   |    |   |   |   |   |   |   |   |   |    |    |   |
|   [31:0]  | ingress |               t_igr_rate_head_x_dT[31:0]               |  meta |  |   |   |    | W | ~ | ~ | ~ | R | ~ | ~ | R |    |    |   |
|    phv2   | ingress |                                                        |       |  |   |   |    |   |   |   |   |   |   |   |   |    |    |   |
|   [31:0]  | ingress |               t_igr_rate_tail_x_dT[31:0]               |  meta |  |   |   |    | W | ~ | ~ | ~ | ~ | ~ | ~ | ~ | R  |    |   |
|    phv3   | ingress |                                                        | OL,SH |  |   |   |    |   |   |   |   |   |   |   |   |    |    |   |
|   [31:0]  | ingress |            t_igr_relative_round_m_dt[31:0]             |  meta |  |   |   |    | W | R |   |   |   |   |   |   |    |    |   |
|   [31:0]  | ingress |      t_igr_relative_round_m_dt_x_rate_tail[31:0]       |  meta |  |   |   |    |   |   |   | W | R |   |   |   |    |    |   |
|   [31:0]  | ingress |                 t_igr_past_tail[31:0]                  |  meta |  |   |   |    |   |   |   |   |   |   |   |   | W  | R  |   |
|    phv4   | ingress |                                                        | OL,SH |  |   |   |    |   |   |   |   |   |   |   |   |    |    |   |
|   [31:0]  | ingress |          t_igr_dT_minus_relative_round[31:0]           |  meta |  |   |   |    | W |   |   |   |   |   |   |   |    |    |   |
|   [31:0]  | ingress |                 t_igr_past_head[31:0]                  |  meta |  |   |   |    |   |   |   |   |   |   |   | W | R  | R  |   |
|    phv5   | ingress |                                                        | OL,SH |  |   |   |    |   |   |   |   |   |   |   |   |    |    |   |
|   [31:16] | ingress |                 md.ingress_port[15:0]                  |  meta |  | W | R |    |   |   |   |   |   |   |   |   |    |    |   |
|   [31:0]  | ingress |               t_igr_aggregate_size[31:0]               |  meta |  |   |   | W  | ~ | ~ | ~ | ~ | W | W |   |   |    |    |   |
|    phv6   | ingress |                                                        |       |  |   |   |    |   |   |   |   |   |   |   |   |    |    |   |
|   [31:0]  | ingress |                   t_igr_headq[31:0]                    |  meta |  |   |   | W  | R |   |   |   |   |   |   |   |    |    |   |
|    phv7   | ingress |                                                        |       |  |   |   |    |   |   |   |   |   |   |   |   |    |    |   |
|   [31:0]  | ingress |                   t_igr_tailq[31:0]                    |  meta |  |   |   | W  | R |   |   |   |   |   |   |   |    |    |   |
|    phv8   | ingress |                                                        |   SH  |  |   |   |    |   |   |   |   |   |   |   |   |    |    |   |
|   [31:16] | ingress |                  t_igr_pkt_len[31:16]                  |  meta |  |   |   | W  |   |   |   |   |   |   |   |   |    |    |   |
|   [15:8]  | ingress |                    t_igr_ts[31:24]                     |  meta |  |   | W |    |   |   |   |   |   |   |   |   |    |    |   |
|    [7:5]  | ingress |           ig_intr_md_for_dprsr.drop_ctl[2:0]           | imeta |  |   |   | W  | ~ | ~ | ~ | ~ | ~ | ~ | ~ | ~ | ~  | W  | R |
|    [4:0]  | ingress |               ig_intr_md_for_tm.qid[4:0]               | imeta |  |   |   |    |   |   |   |   |   |   |   |   |    | W  | R |
|    phv9   | ingress |                                                        |       |  |   |   |    |   |   |   |   |   |   |   |   |    |    |   |
|   [31:0]  | ingress |                 hdr.ip.dst_addr[31:0]                  |  pkt  |  | W | ~ | R  | ~ | ~ | ~ | ~ | ~ | ~ | ~ | ~ | ~  | ~  | R |
|   phv10   | ingress |                                                        |       |  |   |   |    |   |   |   |   |   |   |   |   |    |    |   |
|   [31:0]  | ingress |                 hdr.ip.src_addr[31:0]                  |  pkt  |  | W | ~ | R  | ~ | ~ | ~ | ~ | ~ | ~ | ~ | ~ | ~  | ~  | R |
|   phv11   | ingress |                                                        |       |  |   |   |    |   |   |   |   |   |   |   |   |    |    |   |
|   [31:0]  | ingress |              hdr.ethernet.dst_addr[31:0]               |  pkt  |  | W | R | ~  | ~ | ~ | ~ | ~ | ~ | ~ | ~ | ~ | ~  | ~  | R |
|   phv12   | ingress |                                                        |       |  |   |   |    |   |   |   |   |   |   |   |   |    |    |   |
|   [31:0]  | ingress |                 t_igr_rate_head[31:0]                  |  meta |  |   |   |    | W | R |   |   |   |   |   |   |    |    |   |
|   phv13   | ingress |                                                        |       |  |   |   |    |   |   |   |   |   |   |   |   |    |    |   |
|   [31:0]  | ingress |                 t_igr_rate_tail[31:0]                  |  meta |  |   |   |    | W | R |   |   |   |   |   |   |    |    |   |
|   phv14   | ingress |                                                        |   SH  |  |   |   |    |   |   |   |   |   |   |   |   |    |    |   |
|   [31:24] | ingress |                 t_igr_useCebinae[7:0]                  |  meta |  |   | W |    |   |   |   |   |   |   |   |   |    |    |   |
|   [23:0]  | ingress |          ig_intr_md.ingress_mac_tstamp[31:8]           | imeta |  | W |   |    |   |   |   |   |   |   |   |   |    |    |   |
|   phv15   |    -    |                                                        |       |  |   |   |    |   |   |   |   |   |   |   |   |    |    |   |
|   phv16   |  egress |                                                        |       |  |   |   |    |   |   |   |   |   |   |   |   |    |    |   |
|   [31:0]  |  egress |                 hdr.ip.dst_addr[31:0]                  |  pkt  |  | W | ~ | ~  | ~ | ~ | R | ~ | R | ~ | ~ | ~ | ~  | ~  | R |
|   phv17   |  egress |                                                        |       |  |   |   |    |   |   |   |   |   |   |   |   |    |    |   |
|   [31:0]  |  egress |                 t_egr_stored_dst[31:0]                 |  meta |  |   |   |    |   | W | R | R | R | R |   |   |    |    |   |
|   phv18   |  egress |                                                        | OL,SH |  |   |   |    |   |   |   |   |   |   |   |   |    |    |   |
|   [31:0]  |  egress |                t_egr_stored_dst2[31:0]                 |  meta |  |   |   |    |   |   |   | W | R | R |   |   |    |    |   |
|   [22:0]  |  egress |                      port_0[31:9]                      |  meta |  | W |   |    |   |   |   |   |   |   |   |   |    |    |   |
|   phv19   |  egress |                                                        |       |  |   |   |    |   |   |   |   |   |   |   |   |    |    |   |
|   [31:0]  |  egress |               t_egr_if_precomp1550[31:0]               |  meta |  |   |   |    |   |   | W | R | R | R |   |   |    |    |   |
|   phv20   |  egress |                                                        | OL,SH |  |   |   |    |   |   |   |   |   |   |   |   |    |    |   |
|   [31:0]  |  egress |               t_egr_if_precomp1548[31:0]               |  meta |  |   |   |    |   |   |   |   | W | R |   |   |    |    |   |
|    [9:0]  |  egress |                     t_egr_h1[9:0]                      |  meta |  |   |   |    | W |   |   |   |   |   |   |   |    |    |   |
|   phv21   |  egress |                                                        |       |  |   |   |    |   |   |   |   |   |   |   |   |    |    |   |
|   [31:0]  |  egress |                 hdr.ip.src_addr[31:0]                  |  pkt  |  | W | ~ | ~  | ~ | ~ | R | ~ | R | ~ | ~ | ~ | ~  | ~  | R |
|   phv22   |  egress |                                                        |       |  |   |   |    |   |   |   |   |   |   |   |   |    |    |   |
|   [31:0]  |  egress |                 t_egr_stored_src[31:0]                 |  meta |  |   |   |    |   | W | R | R | R | R |   |   |    |    |   |
|   phv23   |  egress |                                                        |       |  |   |   |    |   |   |   |   |   |   |   |   |    |    |   |
|   [31:0]  |  egress |                t_egr_stored_src2[31:0]                 |  meta |  |   |   |    |   |   |   | W | R | R |   |   |    |    |   |
|   phv24   |  egress |                                                        |       |  |   |   |    |   |   |   |   |   |   |   |   |    |    |   |
|   [31:0]  |  egress |                 t_egr_if_precomp[31:0]                 |  meta |  |   |   |    |   |   | W | R | R | R |   |   |    |    |   |
|   phv25   |  egress |                                                        |       |  |   |   |    |   |   |   |   |   |   |   |   |    |    |   |
|   [31:0]  |  egress |               t_egr_if_precomp1547[31:0]               |  meta |  |   |   |    |   |   |   |   | W | R |   |   |    |    |   |
|   phv26   |    -    |                                                        |       |  |   |   |    |   |   |   |   |   |   |   |   |    |    |   |
|   phv27   |    -    |                                                        |       |  |   |   |    |   |   |   |   |   |   |   |   |    |    |   |
|   phv28   |    -    |                                                        |       |  |   |   |    |   |   |   |   |   |   |   |   |    |    |   |
|   phv29   |    -    |                                                        |       |  |   |   |    |   |   |   |   |   |   |   |   |    |    |   |
|   phv30   |    -    |                                                        |       |  |   |   |    |   |   |   |   |   |   |   |   |    |    |   |
|   phv31   |    -    |                                                        |       |  |   |   |    |   |   |   |   |   |   |   |   |    |    |   |
|   phv32   |    -    |                                                        |       |  |   |   |    |   |   |   |   |   |   |   |   |    |    |   |
|   phv33   |    -    |                                                        |       |  |   |   |    |   |   |   |   |   |   |   |   |    |    |   |
|   phv34   |    -    |                                                        |       |  |   |   |    |   |   |   |   |   |   |   |   |    |    |   |
|   phv35   |    -    |                                                        |       |  |   |   |    |   |   |   |   |   |   |   |   |    |    |   |
|   phv36   |    -    |                                                        |       |  |   |   |    |   |   |   |   |   |   |   |   |    |    |   |
|   phv37   |    -    |                                                        |       |  |   |   |    |   |   |   |   |   |   |   |   |    |    |   |
|   phv38   |    -    |                                                        |       |  |   |   |    |   |   |   |   |   |   |   |   |    |    |   |
|   phv39   |    -    |                                                        |       |  |   |   |    |   |   |   |   |   |   |   |   |    |    |   |
|   phv40   |    -    |                                                        |       |  |   |   |    |   |   |   |   |   |   |   |   |    |    |   |
|   phv41   |    -    |                                                        |       |  |   |   |    |   |   |   |   |   |   |   |   |    |    |   |
|   phv42   |    -    |                                                        |       |  |   |   |    |   |   |   |   |   |   |   |   |    |    |   |
|   phv43   |    -    |                                                        |       |  |   |   |    |   |   |   |   |   |   |   |   |    |    |   |
|   phv44   |    -    |                                                        |       |  |   |   |    |   |   |   |   |   |   |   |   |    |    |   |
|   phv45   |    -    |                                                        |       |  |   |   |    |   |   |   |   |   |   |   |   |    |    |   |
|   phv46   |    -    |                                                        |       |  |   |   |    |   |   |   |   |   |   |   |   |    |    |   |
|   phv47   |    -    |                                                        |       |  |   |   |    |   |   |   |   |   |   |   |   |    |    |   |
|   phv48   |    -    |                                                        |       |  |   |   |    |   |   |   |   |   |   |   |   |    |    |   |
|   phv49   |    -    |                                                        |       |  |   |   |    |   |   |   |   |   |   |   |   |    |    |   |
|   phv50   |    -    |                                                        |       |  |   |   |    |   |   |   |   |   |   |   |   |    |    |   |
|   phv51   |    -    |                                                        |       |  |   |   |    |   |   |   |   |   |   |   |   |    |    |   |
|   phv52   |    -    |                                                        |       |  |   |   |    |   |   |   |   |   |   |   |   |    |    |   |
|   phv53   |    -    |                                                        |       |  |   |   |    |   |   |   |   |   |   |   |   |    |    |   |
|   phv54   |    -    |                                                        |       |  |   |   |    |   |   |   |   |   |   |   |   |    |    |   |
|   phv55   |    -    |                                                        |       |  |   |   |    |   |   |   |   |   |   |   |   |    |    |   |
|   phv56   |    -    |                                                        |       |  |   |   |    |   |   |   |   |   |   |   |   |    |    |   |
|   phv57   |    -    |                                                        |       |  |   |   |    |   |   |   |   |   |   |   |   |    |    |   |
|   phv58   |    -    |                                                        |       |  |   |   |    |   |   |   |   |   |   |   |   |    |    |   |
|   phv59   |    -    |                                                        |       |  |   |   |    |   |   |   |   |   |   |   |   |    |    |   |
|   phv60   |    -    |                                                        |       |  |   |   |    |   |   |   |   |   |   |   |   |    |    |   |
|   phv61   |    -    |                                                        |       |  |   |   |    |   |   |   |   |   |   |   |   |    |    |   |
|   phv62   |    -    |                                                        |       |  |   |   |    |   |   |   |   |   |   |   |   |    |    |   |
|   phv63   |    -    |                                                        |       |  |   |   |    |   |   |   |   |   |   |   |   |    |    |   |
|           |         |                                                        |       |  |   |   |    |   |   |   |   |   |   |   |   |    |    |   |
|   phv64   | ingress |                                                        |       |  |   |   |    |   |   |   |   |   |   |   |   |    |    |   |
|    [2:0]  | ingress |         ig_intr_md_for_dprsr.mirror_type[2:0]          | imeta |  |   |   |    |   |   |   |   |   |   |   |   |    |    | R |
|   phv65   | ingress |                                                        | OL,SH |  |   |   |    |   |   |   |   |   |   |   |   |    |    |   |
|    [7:0]  | ingress |                     t_igr_ts[7:0]                      |  meta |  |   | W |    |   |   |   |   |   |   |   |   |    |    |   |
|    [7:0]  | ingress |                t_igr_log_rate_head[7:0]                |  meta |  |   |   |    |   | W | R |   |   |   |   |   |    |    |   |
|    [7:0]  | ingress |           t_igr_log_relative_round_m_dt[7:0]           |  meta |  |   |   |    |   | W | R |   |   |   |   |   |    |    |   |
|   phv66   | ingress |                                                        | OL,SH |  |   |   |    |   |   |   |   |   |   |   |   |    |    |   |
|    [7:0]  | ingress |                     t_igr_ts[15:8]                     |  meta |  |   | W |    |   |   |   |   |   |   |   |   |    |    |   |
|    [7:0]  | ingress |             t_igr_log_relative_round[7:0]              |  meta |  |   |   |    |   | W | R |   |   |   |   |   |    |    |   |
|    [7:0]  | ingress |                t_igr_log_rate_tail[7:0]                |  meta |  |   |   |    |   | W | R |   |   |   |   |   |    |    |   |
|   phv67   | ingress |                                                        | OL,SH |  |   |   |    |   |   |   |   |   |   |   |   |    |    |   |
|    [7:0]  | ingress |                    t_igr_ts[23:16]                     |  meta |  |   | W |    |   |   |   |   |   |   |   |   |    |    |   |
|    [7:0]  | ingress |             t_igr_log_aggregate_size[7:0]              |  meta |  |   |   |    |   |   | W | ~ | ~ | R |   |   |    |    |   |
|    [7:0]  | ingress |     t_igr_log_relative_round_m_dt_x_rate_tail[7:0]     |  meta |  |   |   |    |   |   | W | R |   |   |   |   |    |    |   |
|   phv68   | ingress |                                                        |   SH  |  |   |   |    |   |   |   |   |   |   |   |   |    |    |   |
|    [2:2]  | ingress |                  t_igr_saturated[0:0]                  |  meta |  |   |   | W  |   |   |   |   |   |   |   |   |    |    |   |
|    [1:1]  | ingress |                hdr.ethernet.$valid[0:0]                |  pov  |  | W | ~ | ~  | ~ | ~ | ~ | ~ | ~ | ~ | ~ | ~ | ~  | ~  | R |
|    [0:0]  | ingress |                   hdr.ip.$valid[0:0]                   |  pov  |  | W | ~ | ~  | ~ | ~ | ~ | ~ | ~ | ~ | ~ | ~ | ~  | ~  | R |
|   phv69   |    -    |                                                        |       |  |   |   |    |   |   |   |   |   |   |   |   |    |    |   |
|   phv70   |    -    |                                                        |       |  |   |   |    |   |   |   |   |   |   |   |   |    |    |   |
|   phv71   |    -    |                                                        |       |  |   |   |    |   |   |   |   |   |   |   |   |    |    |   |
|   phv72   |    -    |                                                        |       |  |   |   |    |   |   |   |   |   |   |   |   |    |    |   |
|   phv73   |    -    |                                                        |       |  |   |   |    |   |   |   |   |   |   |   |   |    |    |   |
|   phv74   |    -    |                                                        |       |  |   |   |    |   |   |   |   |   |   |   |   |    |    |   |
|   phv75   |    -    |                                                        |       |  |   |   |    |   |   |   |   |   |   |   |   |    |    |   |
|   phv76   |    -    |                                                        |       |  |   |   |    |   |   |   |   |   |   |   |   |    |    |   |
|   phv77   |    -    |                                                        |       |  |   |   |    |   |   |   |   |   |   |   |   |    |    |   |
|   phv78   |    -    |                                                        |       |  |   |   |    |   |   |   |   |   |   |   |   |    |    |   |
|   phv79   |    -    |                                                        |       |  |   |   |    |   |   |   |   |   |   |   |   |    |    |   |
|   phv80   |  egress |                                                        | OL,SH |  |   |   |    |   |   |   |   |   |   |   |   |    |    |   |
|    [2:2]  |  egress |      hdr.min_parse_depth_padding_0[0].$valid[0:0]      |  pov  |  | W | ~ | ~  | ~ | ~ | ~ | ~ | ~ | ~ | ~ | ~ | ~  | ~  | R |
|    [2:0]  |  egress |      hdr.min_parse_depth_padding_0.$stkvalid[2:0]      |  meta |  | W |   |    |   |   |   |   |   |   |   |   |    |    |   |
|    [1:1]  |  egress |      hdr.min_parse_depth_padding_0[1].$valid[0:0]      |  pov  |  | W | ~ | ~  | ~ | ~ | ~ | ~ | ~ | ~ | ~ | ~ | ~  | ~  | R |
|    [0:0]  |  egress |      hdr.min_parse_depth_padding_0[2].$valid[0:0]      |  meta |  |   |   |    |   |   |   |   |   |   |   |   |    |    | R |
|   phv81   |  egress |                                                        |   SH  |  |   |   |    |   |   |   |   |   |   |   |   |    |    |   |
|    [3:2]  |  egress |                     t_egr_h2[9:8]                      |  meta |  |   |   | W  |   |   |   |   |   |   |   |   |    |    |   |
|    [1:1]  |  egress |                   hdr.ip.$valid[0:0]                   |  pov  |  | W | ~ | ~  | ~ | ~ | ~ | ~ | ~ | ~ | ~ | ~ | ~  | ~  | R |
|    [0:0]  |  egress |                hdr.ethernet.$valid[0:0]                |  pov  |  | W | ~ | ~  | ~ | ~ | ~ | ~ | ~ | ~ | ~ | ~ | ~  | ~  | R |
|   phv82   |  egress |                                                        |       |  |   |   |    |   |   |   |   |   |   |   |   |    |    |   |
|    [7:0]  |  egress |                     t_egr_h2[7:0]                      |  meta |  |   |   | W  |   |   |   |   |   |   |   |   |    |    |   |
|   phv83   |    -    |                                                        |       |  |   |   |    |   |   |   |   |   |   |   |   |    |    |   |
|   phv84   |    -    |                                                        |       |  |   |   |    |   |   |   |   |   |   |   |   |    |    |   |
|   phv85   |    -    |                                                        |       |  |   |   |    |   |   |   |   |   |   |   |   |    |    |   |
|   phv86   |    -    |                                                        |       |  |   |   |    |   |   |   |   |   |   |   |   |    |    |   |
|   phv87   |    -    |                                                        |       |  |   |   |    |   |   |   |   |   |   |   |   |    |    |   |
|   phv88   |    -    |                                                        |       |  |   |   |    |   |   |   |   |   |   |   |   |    |    |   |
|   phv89   |    -    |                                                        |       |  |   |   |    |   |   |   |   |   |   |   |   |    |    |   |
|   phv90   |    -    |                                                        |       |  |   |   |    |   |   |   |   |   |   |   |   |    |    |   |
|   phv91   |    -    |                                                        |       |  |   |   |    |   |   |   |   |   |   |   |   |    |    |   |
|   phv92   |    -    |                                                        |       |  |   |   |    |   |   |   |   |   |   |   |   |    |    |   |
|   phv93   |    -    |                                                        |       |  |   |   |    |   |   |   |   |   |   |   |   |    |    |   |
|   phv94   |    -    |                                                        |       |  |   |   |    |   |   |   |   |   |   |   |   |    |    |   |
|   phv95   |    -    |                                                        |       |  |   |   |    |   |   |   |   |   |   |   |   |    |    |   |
|   phv96   |    -    |                                                        |       |  |   |   |    |   |   |   |   |   |   |   |   |    |    |   |
|   phv97   |    -    |                                                        |       |  |   |   |    |   |   |   |   |   |   |   |   |    |    |   |
|   phv98   |    -    |                                                        |       |  |   |   |    |   |   |   |   |   |   |   |   |    |    |   |
|   phv99   |    -    |                                                        |       |  |   |   |    |   |   |   |   |   |   |   |   |    |    |   |
|   phv100  |    -    |                                                        |       |  |   |   |    |   |   |   |   |   |   |   |   |    |    |   |
|   phv101  |    -    |                                                        |       |  |   |   |    |   |   |   |   |   |   |   |   |    |    |   |
|   phv102  |    -    |                                                        |       |  |   |   |    |   |   |   |   |   |   |   |   |    |    |   |
|   phv103  |    -    |                                                        |       |  |   |   |    |   |   |   |   |   |   |   |   |    |    |   |
|   phv104  |    -    |                                                        |       |  |   |   |    |   |   |   |   |   |   |   |   |    |    |   |
|   phv105  |    -    |                                                        |       |  |   |   |    |   |   |   |   |   |   |   |   |    |    |   |
|   phv106  |    -    |                                                        |       |  |   |   |    |   |   |   |   |   |   |   |   |    |    |   |
|   phv107  |    -    |                                                        |       |  |   |   |    |   |   |   |   |   |   |   |   |    |    |   |
|   phv108  |    -    |                                                        |       |  |   |   |    |   |   |   |   |   |   |   |   |    |    |   |
|   phv109  |    -    |                                                        |       |  |   |   |    |   |   |   |   |   |   |   |   |    |    |   |
|   phv110  |    -    |                                                        |       |  |   |   |    |   |   |   |   |   |   |   |   |    |    |   |
|   phv111  |    -    |                                                        |       |  |   |   |    |   |   |   |   |   |   |   |   |    |    |   |
|   phv112  |    -    |                                                        |       |  |   |   |    |   |   |   |   |   |   |   |   |    |    |   |
|   phv113  |    -    |                                                        |       |  |   |   |    |   |   |   |   |   |   |   |   |    |    |   |
|   phv114  |    -    |                                                        |       |  |   |   |    |   |   |   |   |   |   |   |   |    |    |   |
|   phv115  |    -    |                                                        |       |  |   |   |    |   |   |   |   |   |   |   |   |    |    |   |
|   phv116  |    -    |                                                        |       |  |   |   |    |   |   |   |   |   |   |   |   |    |    |   |
|   phv117  |    -    |                                                        |       |  |   |   |    |   |   |   |   |   |   |   |   |    |    |   |
|   phv118  |    -    |                                                        |       |  |   |   |    |   |   |   |   |   |   |   |   |    |    |   |
|   phv119  |    -    |                                                        |       |  |   |   |    |   |   |   |   |   |   |   |   |    |    |   |
|   phv120  |    -    |                                                        |       |  |   |   |    |   |   |   |   |   |   |   |   |    |    |   |
|   phv121  |    -    |                                                        |       |  |   |   |    |   |   |   |   |   |   |   |   |    |    |   |
|   phv122  |    -    |                                                        |       |  |   |   |    |   |   |   |   |   |   |   |   |    |    |   |
|   phv123  |    -    |                                                        |       |  |   |   |    |   |   |   |   |   |   |   |   |    |    |   |
|   phv124  |    -    |                                                        |       |  |   |   |    |   |   |   |   |   |   |   |   |    |    |   |
|   phv125  |    -    |                                                        |       |  |   |   |    |   |   |   |   |   |   |   |   |    |    |   |
|   phv126  |    -    |                                                        |       |  |   |   |    |   |   |   |   |   |   |   |   |    |    |   |
|   phv127  |    -    |                                                        |       |  |   |   |    |   |   |   |   |   |   |   |   |    |    |   |
|           |         |                                                        |       |  |   |   |    |   |   |   |   |   |   |   |   |    |    |   |
|   phv128  | ingress |                                                        |       |  |   |   |    |   |   |   |   |   |   |   |   |    |    |   |
|    [8:0]  | ingress |        ig_intr_md_for_tm.ucast_egress_port[8:0]        | imeta |  |   | W | R  | ~ | ~ | ~ | ~ | ~ | ~ | ~ | ~ | ~  | ~  | R |
|   phv129  | ingress |                                                        |       |  |   |   |    |   |   |   |   |   |   |   |   |    |    |   |
|   [15:0]  | ingress |                     t_igr_f[15:0]                      |  meta |  |   | W | RW | R |   |   |   |   |   |   |   |    |    |   |
|   phv130  | ingress |                                                        |       |  |   |   |    |   |   |   |   |   |   |   |   |    |    |   |
|    [9:0]  | ingress |                       $tmp2[9:0]                       |  meta |  |   |   |    |   |   |   |   |   |   |   |   |    |    | R |
|   phv131  | ingress |                                                        |       |  |   |   |    |   |   |   |   |   |   |   |   |    |    |   |
|   [15:0]  | ingress |                 hdr.ip.total_len[15:0]                 |  pkt  |  | W | ~ | ~  | ~ | ~ | ~ | ~ | ~ | ~ | ~ | ~ | ~  | ~  | R |
|   phv132  | ingress |                                                        |       |  |   |   |    |   |   |   |   |   |   |   |   |    |    |   |
|   [15:0]  | ingress |             hdr.ethernet.ether_type[15:0]              |  pkt  |  | W | ~ | ~  | ~ | ~ | ~ | ~ | ~ | ~ | ~ | ~ | ~  | ~  | R |
|   phv133  | ingress |                                                        |       |  |   |   |    |   |   |   |   |   |   |   |   |    |    |   |
|   [15:0]  | ingress |              hdr.ethernet.dst_addr[47:32]              |  pkt  |  | W | R | ~  | ~ | ~ | ~ | ~ | ~ | ~ | ~ | ~ | ~  | ~  | R |
|   phv134  | ingress |                                                        |       |  |   |   |    |   |   |   |   |   |   |   |   |    |    |   |
|   [15:0]  | ingress |                  t_igr_pkt_len[15:0]                   |  meta |  |   |   | W  |   |   |   |   |   |   |   |   |    |    |   |
|   phv135  | ingress |                                                        |       |  |   |   |    |   |   |   |   |   |   |   |   |    |    |   |
|   [15:0]  | ingress |          ig_intr_md.ingress_mac_tstamp[47:32]          | imeta |  | W |   |    |   |   |   |   |   |   |   |   |    |    |   |
|   phv136  | ingress |                                                        |       |  |   |   |    |   |   |   |   |   |   |   |   |    |    |   |
|   [15:0]  | ingress |               hdr.pktgen.packet_id[15:0]               |  pkt  |  | W | R |    |   |   |   |   |   |   |   |   |    |    |   |
|   phv137  |    -    |                                                        |       |  |   |   |    |   |   |   |   |   |   |   |   |    |    |   |
|   phv138  |    -    |                                                        |       |  |   |   |    |   |   |   |   |   |   |   |   |    |    |   |
|   phv139  |    -    |                                                        |       |  |   |   |    |   |   |   |   |   |   |   |   |    |    |   |
|   phv140  |    -    |                                                        |       |  |   |   |    |   |   |   |   |   |   |   |   |    |    |   |
|   phv141  |    -    |                                                        |       |  |   |   |    |   |   |   |   |   |   |   |   |    |    |   |
|   phv142  |    -    |                                                        |       |  |   |   |    |   |   |   |   |   |   |   |   |    |    |   |
|   phv143  |    -    |                                                        |       |  |   |   |    |   |   |   |   |   |   |   |   |    |    |   |
|   phv144  |  egress |                                                        |       |  |   |   |    |   |   |   |   |   |   |   |   |    |    |   |
|    [8:0]  |  egress |              eg_intr_md.egress_port[8:0]               | imeta |  | W | R | ~  | ~ | ~ | ~ | ~ | ~ | ~ | ~ | ~ | ~  | ~  | R |
|   phv145  |  egress |                                                        |       |  |   |   |    |   |   |   |   |   |   |   |   |    |    |   |
|    [8:0]  |  egress |                      port_0[8:0]                       |  meta |  |   | W |    |   |   |   |   |   |   |   |   |    |    |   |
|   phv146  |  egress |                                                        |       |  |   |   |    |   |   |   |   |   |   |   |   |    |    |   |
|   [15:0]  |  egress |                 hdr.ip.total_len[15:0]                 |  pkt  |  | W | R | ~  | ~ | ~ | ~ | ~ | ~ | ~ | ~ | ~ | ~  | ~  | R |
|   phv147  |  egress |                                                        |       |  |   |   |    |   |   |   |   |   |   |   |   |    |    |   |
|   [15:0]  |  egress |                      len_0[15:0]                       |  meta |  |   | W |    |   |   |   |   |   |   |   |   |    |    |   |
|   phv148  |  egress |                                                        |       |  |   |   |    |   |   |   |   |   |   |   |   |    |    |   |
|   [15:0]  |  egress |                      len_0[31:16]                      |  meta |  | W |   |    |   |   |   |   |   |   |   |   |    |    |   |
|   phv149  |    -    |                                                        |       |  |   |   |    |   |   |   |   |   |   |   |   |    |    |   |
|   phv150  |    -    |                                                        |       |  |   |   |    |   |   |   |   |   |   |   |   |    |    |   |
|   phv151  |    -    |                                                        |       |  |   |   |    |   |   |   |   |   |   |   |   |    |    |   |
|   phv152  |    -    |                                                        |       |  |   |   |    |   |   |   |   |   |   |   |   |    |    |   |
|   phv153  |    -    |                                                        |       |  |   |   |    |   |   |   |   |   |   |   |   |    |    |   |
|   phv154  |    -    |                                                        |       |  |   |   |    |   |   |   |   |   |   |   |   |    |    |   |
|   phv155  |    -    |                                                        |       |  |   |   |    |   |   |   |   |   |   |   |   |    |    |   |
|   phv156  |    -    |                                                        |       |  |   |   |    |   |   |   |   |   |   |   |   |    |    |   |
|   phv157  |    -    |                                                        |       |  |   |   |    |   |   |   |   |   |   |   |   |    |    |   |
|   phv158  |    -    |                                                        |       |  |   |   |    |   |   |   |   |   |   |   |   |    |    |   |
|   phv159  |    -    |                                                        |       |  |   |   |    |   |   |   |   |   |   |   |   |    |    |   |
|   phv160  |    -    |                                                        |       |  |   |   |    |   |   |   |   |   |   |   |   |    |    |   |
|   phv161  |    -    |                                                        |       |  |   |   |    |   |   |   |   |   |   |   |   |    |    |   |
|   phv162  |    -    |                                                        |       |  |   |   |    |   |   |   |   |   |   |   |   |    |    |   |
|   phv163  |    -    |                                                        |       |  |   |   |    |   |   |   |   |   |   |   |   |    |    |   |
|   phv164  |    -    |                                                        |       |  |   |   |    |   |   |   |   |   |   |   |   |    |    |   |
|   phv165  |    -    |                                                        |       |  |   |   |    |   |   |   |   |   |   |   |   |    |    |   |
|   phv166  |    -    |                                                        |       |  |   |   |    |   |   |   |   |   |   |   |   |    |    |   |
|   phv167  |    -    |                                                        |       |  |   |   |    |   |   |   |   |   |   |   |   |    |    |   |
|   phv168  |    -    |                                                        |       |  |   |   |    |   |   |   |   |   |   |   |   |    |    |   |
|   phv169  |    -    |                                                        |       |  |   |   |    |   |   |   |   |   |   |   |   |    |    |   |
|   phv170  |    -    |                                                        |       |  |   |   |    |   |   |   |   |   |   |   |   |    |    |   |
|   phv171  |    -    |                                                        |       |  |   |   |    |   |   |   |   |   |   |   |   |    |    |   |
|   phv172  |    -    |                                                        |       |  |   |   |    |   |   |   |   |   |   |   |   |    |    |   |
|   phv173  |    -    |                                                        |       |  |   |   |    |   |   |   |   |   |   |   |   |    |    |   |
|   phv174  |    -    |                                                        |       |  |   |   |    |   |   |   |   |   |   |   |   |    |    |   |
|   phv175  |    -    |                                                        |       |  |   |   |    |   |   |   |   |   |   |   |   |    |    |   |
|   phv176  |    -    |                                                        |       |  |   |   |    |   |   |   |   |   |   |   |   |    |    |   |
|   phv177  |    -    |                                                        |       |  |   |   |    |   |   |   |   |   |   |   |   |    |    |   |
|   phv178  |    -    |                                                        |       |  |   |   |    |   |   |   |   |   |   |   |   |    |    |   |
|   phv179  |    -    |                                                        |       |  |   |   |    |   |   |   |   |   |   |   |   |    |    |   |
|   phv180  |    -    |                                                        |       |  |   |   |    |   |   |   |   |   |   |   |   |    |    |   |
|   phv181  |    -    |                                                        |       |  |   |   |    |   |   |   |   |   |   |   |   |    |    |   |
|   phv182  |    -    |                                                        |       |  |   |   |    |   |   |   |   |   |   |   |   |    |    |   |
|   phv183  |    -    |                                                        |       |  |   |   |    |   |   |   |   |   |   |   |   |    |    |   |
|   phv184  |    -    |                                                        |       |  |   |   |    |   |   |   |   |   |   |   |   |    |    |   |
|   phv185  |    -    |                                                        |       |  |   |   |    |   |   |   |   |   |   |   |   |    |    |   |
|   phv186  |    -    |                                                        |       |  |   |   |    |   |   |   |   |   |   |   |   |    |    |   |
|   phv187  |    -    |                                                        |       |  |   |   |    |   |   |   |   |   |   |   |   |    |    |   |
|   phv188  |    -    |                                                        |       |  |   |   |    |   |   |   |   |   |   |   |   |    |    |   |
|   phv189  |    -    |                                                        |       |  |   |   |    |   |   |   |   |   |   |   |   |    |    |   |
|   phv190  |    -    |                                                        |       |  |   |   |    |   |   |   |   |   |   |   |   |    |    |   |
|   phv191  |    -    |                                                        |       |  |   |   |    |   |   |   |   |   |   |   |   |    |    |   |
|   phv192  |    -    |                                                        |       |  |   |   |    |   |   |   |   |   |   |   |   |    |    |   |
|   phv193  |    -    |                                                        |       |  |   |   |    |   |   |   |   |   |   |   |   |    |    |   |
|   phv194  |    -    |                                                        |       |  |   |   |    |   |   |   |   |   |   |   |   |    |    |   |
|   phv195  |    -    |                                                        |       |  |   |   |    |   |   |   |   |   |   |   |   |    |    |   |
|   phv196  |    -    |                                                        |       |  |   |   |    |   |   |   |   |   |   |   |   |    |    |   |
|   phv197  |    -    |                                                        |       |  |   |   |    |   |   |   |   |   |   |   |   |    |    |   |
|   phv198  |    -    |                                                        |       |  |   |   |    |   |   |   |   |   |   |   |   |    |    |   |
|   phv199  |    -    |                                                        |       |  |   |   |    |   |   |   |   |   |   |   |   |    |    |   |
|   phv200  |    -    |                                                        |       |  |   |   |    |   |   |   |   |   |   |   |   |    |    |   |
|   phv201  |    -    |                                                        |       |  |   |   |    |   |   |   |   |   |   |   |   |    |    |   |
|   phv202  |    -    |                                                        |       |  |   |   |    |   |   |   |   |   |   |   |   |    |    |   |
|   phv203  |    -    |                                                        |       |  |   |   |    |   |   |   |   |   |   |   |   |    |    |   |
|   phv204  |    -    |                                                        |       |  |   |   |    |   |   |   |   |   |   |   |   |    |    |   |
|   phv205  |    -    |                                                        |       |  |   |   |    |   |   |   |   |   |   |   |   |    |    |   |
|   phv206  |    -    |                                                        |       |  |   |   |    |   |   |   |   |   |   |   |   |    |    |   |
|   phv207  |    -    |                                                        |       |  |   |   |    |   |   |   |   |   |   |   |   |    |    |   |
|   phv208  |    -    |                                                        |       |  |   |   |    |   |   |   |   |   |   |   |   |    |    |   |
|   phv209  |    -    |                                                        |       |  |   |   |    |   |   |   |   |   |   |   |   |    |    |   |
|   phv210  |    -    |                                                        |       |  |   |   |    |   |   |   |   |   |   |   |   |    |    |   |
|   phv211  |    -    |                                                        |       |  |   |   |    |   |   |   |   |   |   |   |   |    |    |   |
|   phv212  |    -    |                                                        |       |  |   |   |    |   |   |   |   |   |   |   |   |    |    |   |
|   phv213  |    -    |                                                        |       |  |   |   |    |   |   |   |   |   |   |   |   |    |    |   |
|   phv214  |    -    |                                                        |       |  |   |   |    |   |   |   |   |   |   |   |   |    |    |   |
|   phv215  |    -    |                                                        |       |  |   |   |    |   |   |   |   |   |   |   |   |    |    |   |
|   phv216  |    -    |                                                        |       |  |   |   |    |   |   |   |   |   |   |   |   |    |    |   |
|   phv217  |    -    |                                                        |       |  |   |   |    |   |   |   |   |   |   |   |   |    |    |   |
|   phv218  |    -    |                                                        |       |  |   |   |    |   |   |   |   |   |   |   |   |    |    |   |
|   phv219  |    -    |                                                        |       |  |   |   |    |   |   |   |   |   |   |   |   |    |    |   |
|   phv220  |    -    |                                                        |       |  |   |   |    |   |   |   |   |   |   |   |   |    |    |   |
|   phv221  |    -    |                                                        |       |  |   |   |    |   |   |   |   |   |   |   |   |    |    |   |
|   phv222  |    -    |                                                        |       |  |   |   |    |   |   |   |   |   |   |   |   |    |    |   |
|   phv223  |    -    |                                                        |       |  |   |   |    |   |   |   |   |   |   |   |   |    |    |   |
|   phv224  |    -    |                                                        |       |  |   |   |    |   |   |   |   |   |   |   |   |    |    |   |
|   phv225  |    -    |                                                        |       |  |   |   |    |   |   |   |   |   |   |   |   |    |    |   |
|   phv226  |    -    |                                                        |       |  |   |   |    |   |   |   |   |   |   |   |   |    |    |   |
|   phv227  |    -    |                                                        |       |  |   |   |    |   |   |   |   |   |   |   |   |    |    |   |
|   phv228  |    -    |                                                        |       |  |   |   |    |   |   |   |   |   |   |   |   |    |    |   |
|   phv229  |    -    |                                                        |       |  |   |   |    |   |   |   |   |   |   |   |   |    |    |   |
|   phv230  |    -    |                                                        |       |  |   |   |    |   |   |   |   |   |   |   |   |    |    |   |
|   phv231  |    -    |                                                        |       |  |   |   |    |   |   |   |   |   |   |   |   |    |    |   |
|   phv232  |    -    |                                                        |       |  |   |   |    |   |   |   |   |   |   |   |   |    |    |   |
|   phv233  |    -    |                                                        |       |  |   |   |    |   |   |   |   |   |   |   |   |    |    |   |
|   phv234  |    -    |                                                        |       |  |   |   |    |   |   |   |   |   |   |   |   |    |    |   |
|   phv235  |    -    |                                                        |       |  |   |   |    |   |   |   |   |   |   |   |   |    |    |   |
|   phv236  |    -    |                                                        |       |  |   |   |    |   |   |   |   |   |   |   |   |    |    |   |
|   phv237  |    -    |                                                        |       |  |   |   |    |   |   |   |   |   |   |   |   |    |    |   |
|   phv238  |    -    |                                                        |       |  |   |   |    |   |   |   |   |   |   |   |   |    |    |   |
|   phv239  |    -    |                                                        |       |  |   |   |    |   |   |   |   |   |   |   |   |    |    |   |
|   phv240  |    -    |                                                        |       |  |   |   |    |   |   |   |   |   |   |   |   |    |    |   |
|   phv241  |    -    |                                                        |       |  |   |   |    |   |   |   |   |   |   |   |   |    |    |   |
|   phv242  |    -    |                                                        |       |  |   |   |    |   |   |   |   |   |   |   |   |    |    |   |
|   phv243  |    -    |                                                        |       |  |   |   |    |   |   |   |   |   |   |   |   |    |    |   |
|   phv244  |    -    |                                                        |       |  |   |   |    |   |   |   |   |   |   |   |   |    |    |   |
|   phv245  |    -    |                                                        |       |  |   |   |    |   |   |   |   |   |   |   |   |    |    |   |
|   phv246  |    -    |                                                        |       |  |   |   |    |   |   |   |   |   |   |   |   |    |    |   |
|   phv247  |    -    |                                                        |       |  |   |   |    |   |   |   |   |   |   |   |   |    |    |   |
|   phv248  |    -    |                                                        |       |  |   |   |    |   |   |   |   |   |   |   |   |    |    |   |
|   phv249  |    -    |                                                        |       |  |   |   |    |   |   |   |   |   |   |   |   |    |    |   |
|   phv250  |    -    |                                                        |       |  |   |   |    |   |   |   |   |   |   |   |   |    |    |   |
|   phv251  |    -    |                                                        |       |  |   |   |    |   |   |   |   |   |   |   |   |    |    |   |
|   phv252  |    -    |                                                        |       |  |   |   |    |   |   |   |   |   |   |   |   |    |    |   |
|   phv253  |    -    |                                                        |       |  |   |   |    |   |   |   |   |   |   |   |   |    |    |   |
|   phv254  |    -    |                                                        |       |  |   |   |    |   |   |   |   |   |   |   |   |    |    |   |
|   phv255  |    -    |                                                        |       |  |   |   |    |   |   |   |   |   |   |   |   |    |    |   |
|           |         |                                                        |       |  |   |   |    |   |   |   |   |   |   |   |   |    |    |   |
|   phv256  |  egress |                                                        |   SH  |  |   |   |    |   |   |   |   |   |   |   |   |    |    |   |
|   [31:24] |  egress |                    hdr.ip.ttl[7:0]                     |  pkt  |  | W | ~ | ~  | ~ | ~ | ~ | ~ | ~ | ~ | ~ | ~ | ~  | ~  | R |
|   [23:16] |  egress |                  hdr.ip.protocol[7:0]                  |  pkt  |  | W | ~ | ~  | ~ | ~ | ~ | ~ | ~ | ~ | ~ | ~ | ~  | ~  | R |
|   [15:0]  |  egress |               hdr.ip.hdr_checksum[15:0]                |  pkt  |  | W | ~ | ~  | ~ | ~ | ~ | ~ | ~ | ~ | ~ | ~ | ~  | ~  | R |
|   phv257  |  egress |                                                        |   SH  |  |   |   |    |   |   |   |   |   |   |   |   |    |    |   |
|   [31:16] |  egress |              hdr.ip.identification[15:0]               |  pkt  |  | W | ~ | ~  | ~ | ~ | ~ | ~ | ~ | ~ | ~ | ~ | ~  | ~  | R |
|   [15:13] |  egress |                   hdr.ip.flags[2:0]                    |  pkt  |  | W | ~ | ~  | ~ | ~ | ~ | ~ | ~ | ~ | ~ | ~ | ~  | ~  | R |
|   [12:0]  |  egress |                hdr.ip.frag_offset[12:0]                |  pkt  |  | W | ~ | ~  | ~ | ~ | ~ | ~ | ~ | ~ | ~ | ~ | ~  | ~  | R |
|   phv258  |  egress |                                                        |       |  |   |   |    |   |   |   |   |   |   |   |   |    |    |   |
|   [31:0]  |  egress | hdr.min_parse_depth_padding_0[0].packet_payload[31:0]  |  pkt  |  | W | ~ | ~  | ~ | ~ | ~ | ~ | ~ | ~ | ~ | ~ | ~  | ~  | R |
|   phv259  |  egress |                                                        |       |  |   |   |    |   |   |   |   |   |   |   |   |    |    |   |
|   [31:0]  |  egress | hdr.min_parse_depth_padding_0[0].packet_payload[63:32] |  pkt  |  | W | ~ | ~  | ~ | ~ | ~ | ~ | ~ | ~ | ~ | ~ | ~  | ~  | R |
|   phv260  | ingress |                                                        |   SH  |  |   |   |    |   |   |   |   |   |   |   |   |    |    |   |
|   [31:24] | ingress |                    hdr.ip.ttl[7:0]                     |  pkt  |  | W | ~ | ~  | ~ | ~ | ~ | ~ | ~ | ~ | ~ | ~ | ~  | ~  | R |
|   [23:16] | ingress |                  hdr.ip.protocol[7:0]                  |  pkt  |  | W | ~ | ~  | ~ | ~ | ~ | ~ | ~ | ~ | ~ | ~ | ~  | ~  | R |
|   [15:0]  | ingress |               hdr.ip.hdr_checksum[15:0]                |  pkt  |  | W | ~ | ~  | ~ | ~ | ~ | ~ | ~ | ~ | ~ | ~ | ~  | ~  | R |
|   phv261  | ingress |                                                        |   SH  |  |   |   |    |   |   |   |   |   |   |   |   |    |    |   |
|   [31:16] | ingress |              hdr.ip.identification[15:0]               |  pkt  |  | W | ~ | ~  | ~ | ~ | ~ | ~ | ~ | ~ | ~ | ~ | ~  | ~  | R |
|   [15:13] | ingress |                   hdr.ip.flags[2:0]                    |  pkt  |  | W | ~ | ~  | ~ | ~ | ~ | ~ | ~ | ~ | ~ | ~ | ~  | ~  | R |
|   [12:0]  | ingress |                hdr.ip.frag_offset[12:0]                |  pkt  |  | W | ~ | ~  | ~ | ~ | ~ | ~ | ~ | ~ | ~ | ~ | ~  | ~  | R |
|   phv262  | ingress |                                                        |       |  |   |   |    |   |   |   |   |   |   |   |   |    |    |   |
|   [31:0]  | ingress |              hdr.ethernet.src_addr[31:0]               |  pkt  |  | W | ~ | ~  | ~ | ~ | ~ | ~ | ~ | ~ | ~ | ~ | ~  | ~  | R |
|   phv263  |    -    |                                                        |       |  |   |   |    |   |   |   |   |   |   |   |   |    |    |   |
|   phv264  |  egress |                                                        |       |  |   |   |    |   |   |   |   |   |   |   |   |    |    |   |
|   [31:0]  |  egress | hdr.min_parse_depth_padding_0[2].packet_payload[31:0]  |  pkt  |  | W | ~ | ~  | ~ | ~ | ~ | ~ | ~ | ~ | ~ | ~ | ~  | ~  | R |
|   phv265  |  egress |                                                        |       |  |   |   |    |   |   |   |   |   |   |   |   |    |    |   |
|   [31:0]  |  egress | hdr.min_parse_depth_padding_0[2].packet_payload[63:32] |  pkt  |  | W | ~ | ~  | ~ | ~ | ~ | ~ | ~ | ~ | ~ | ~ | ~  | ~  | R |
|   phv266  |  egress |                                                        |       |  |   |   |    |   |   |   |   |   |   |   |   |    |    |   |
|   [31:0]  |  egress |              hdr.ethernet.src_addr[31:0]               |  pkt  |  | W | ~ | ~  | ~ | ~ | ~ | ~ | ~ | ~ | ~ | ~ | ~  | ~  | R |
|   phv267  |  egress |                                                        |       |  |   |   |    |   |   |   |   |   |   |   |   |    |    |   |
|   [31:0]  |  egress |              hdr.ethernet.dst_addr[31:0]               |  pkt  |  | W | ~ | ~  | ~ | ~ | ~ | ~ | ~ | ~ | ~ | ~ | ~  | ~  | R |
|   phv268  |    -    |                                                        |       |  |   |   |    |   |   |   |   |   |   |   |   |    |    |   |
|   phv269  |    -    |                                                        |       |  |   |   |    |   |   |   |   |   |   |   |   |    |    |   |
|   phv270  |    -    |                                                        |       |  |   |   |    |   |   |   |   |   |   |   |   |    |    |   |
|   phv271  |    -    |                                                        |       |  |   |   |    |   |   |   |   |   |   |   |   |    |    |   |
|   phv272  |    -    |                                                        |       |  |   |   |    |   |   |   |   |   |   |   |   |    |    |   |
|   phv273  |    -    |                                                        |       |  |   |   |    |   |   |   |   |   |   |   |   |    |    |   |
|   phv274  |    -    |                                                        |       |  |   |   |    |   |   |   |   |   |   |   |   |    |    |   |
|   phv275  |    -    |                                                        |       |  |   |   |    |   |   |   |   |   |   |   |   |    |    |   |
|   phv276  |    -    |                                                        |       |  |   |   |    |   |   |   |   |   |   |   |   |    |    |   |
|   phv277  |    -    |                                                        |       |  |   |   |    |   |   |   |   |   |   |   |   |    |    |   |
|   phv278  |    -    |                                                        |       |  |   |   |    |   |   |   |   |   |   |   |   |    |    |   |
|   phv279  |    -    |                                                        |       |  |   |   |    |   |   |   |   |   |   |   |   |    |    |   |
|   phv280  |    -    |                                                        |       |  |   |   |    |   |   |   |   |   |   |   |   |    |    |   |
|   phv281  |    -    |                                                        |       |  |   |   |    |   |   |   |   |   |   |   |   |    |    |   |
|   phv282  |    -    |                                                        |       |  |   |   |    |   |   |   |   |   |   |   |   |    |    |   |
|   phv283  |    -    |                                                        |       |  |   |   |    |   |   |   |   |   |   |   |   |    |    |   |
|   phv284  |    -    |                                                        |       |  |   |   |    |   |   |   |   |   |   |   |   |    |    |   |
|   phv285  |    -    |                                                        |       |  |   |   |    |   |   |   |   |   |   |   |   |    |    |   |
|   phv286  |    -    |                                                        |       |  |   |   |    |   |   |   |   |   |   |   |   |    |    |   |
|   phv287  |    -    |                                                        |       |  |   |   |    |   |   |   |   |   |   |   |   |    |    |   |
|           |         |                                                        |       |  |   |   |    |   |   |   |   |   |   |   |   |    |    |   |
|   phv288  |  egress |                                                        |       |  |   |   |    |   |   |   |   |   |   |   |   |    |    |   |
|    [7:0]  |  egress | hdr.min_parse_depth_padding_0[0].packet_payload[87:80] |  pkt  |  | W | ~ | ~  | ~ | ~ | ~ | ~ | ~ | ~ | ~ | ~ | ~  | ~  | R |
|   phv289  |  egress |                                                        |       |  |   |   |    |   |   |   |   |   |   |   |   |    |    |   |
|    [7:0]  |  egress | hdr.min_parse_depth_padding_0[1].packet_payload[87:80] |  pkt  |  | W | ~ | ~  | ~ | ~ | ~ | ~ | ~ | ~ | ~ | ~ | ~  | ~  | R |
|   phv290  |  egress |                                                        |       |  |   |   |    |   |   |   |   |   |   |   |   |    |    |   |
|    [7:0]  |  egress | hdr.min_parse_depth_padding_0[2].packet_payload[87:80] |  pkt  |  | W | ~ | ~  | ~ | ~ | ~ | ~ | ~ | ~ | ~ | ~ | ~  | ~  | R |
|   phv291  |    -    |                                                        |       |  |   |   |    |   |   |   |   |   |   |   |   |    |    |   |
|   phv292  | ingress |                                                        |       |  |   |   |    |   |   |   |   |   |   |   |   |    |    |   |
|    [7:0]  | ingress |           ig_intr_md.ingress_mac_tstamp[7:0]           | imeta |  | W |   |    |   |   |   |   |   |   |   |   |    |    |   |
|   phv293  |    -    |                                                        |       |  |   |   |    |   |   |   |   |   |   |   |   |    |    |   |
|   phv294  |    -    |                                                        |       |  |   |   |    |   |   |   |   |   |   |   |   |    |    |   |
|   phv295  |    -    |                                                        |       |  |   |   |    |   |   |   |   |   |   |   |   |    |    |   |
|   phv296  |    -    |                                                        |       |  |   |   |    |   |   |   |   |   |   |   |   |    |    |   |
|   phv297  |    -    |                                                        |       |  |   |   |    |   |   |   |   |   |   |   |   |    |    |   |
|   phv298  |    -    |                                                        |       |  |   |   |    |   |   |   |   |   |   |   |   |    |    |   |
|   phv299  |    -    |                                                        |       |  |   |   |    |   |   |   |   |   |   |   |   |    |    |   |
|   phv300  |    -    |                                                        |       |  |   |   |    |   |   |   |   |   |   |   |   |    |    |   |
|   phv301  |    -    |                                                        |       |  |   |   |    |   |   |   |   |   |   |   |   |    |    |   |
|   phv302  |    -    |                                                        |       |  |   |   |    |   |   |   |   |   |   |   |   |    |    |   |
|   phv303  |    -    |                                                        |       |  |   |   |    |   |   |   |   |   |   |   |   |    |    |   |
|   phv304  |    -    |                                                        |       |  |   |   |    |   |   |   |   |   |   |   |   |    |    |   |
|   phv305  |    -    |                                                        |       |  |   |   |    |   |   |   |   |   |   |   |   |    |    |   |
|   phv306  |    -    |                                                        |       |  |   |   |    |   |   |   |   |   |   |   |   |    |    |   |
|   phv307  |    -    |                                                        |       |  |   |   |    |   |   |   |   |   |   |   |   |    |    |   |
|   phv308  |    -    |                                                        |       |  |   |   |    |   |   |   |   |   |   |   |   |    |    |   |
|   phv309  |    -    |                                                        |       |  |   |   |    |   |   |   |   |   |   |   |   |    |    |   |
|   phv310  |    -    |                                                        |       |  |   |   |    |   |   |   |   |   |   |   |   |    |    |   |
|   phv311  |    -    |                                                        |       |  |   |   |    |   |   |   |   |   |   |   |   |    |    |   |
|   phv312  |    -    |                                                        |       |  |   |   |    |   |   |   |   |   |   |   |   |    |    |   |
|   phv313  |    -    |                                                        |       |  |   |   |    |   |   |   |   |   |   |   |   |    |    |   |
|   phv314  |    -    |                                                        |       |  |   |   |    |   |   |   |   |   |   |   |   |    |    |   |
|   phv315  |    -    |                                                        |       |  |   |   |    |   |   |   |   |   |   |   |   |    |    |   |
|   phv316  |    -    |                                                        |       |  |   |   |    |   |   |   |   |   |   |   |   |    |    |   |
|   phv317  |    -    |                                                        |       |  |   |   |    |   |   |   |   |   |   |   |   |    |    |   |
|   phv318  |    -    |                                                        |       |  |   |   |    |   |   |   |   |   |   |   |   |    |    |   |
|   phv319  |    -    |                                                        |       |  |   |   |    |   |   |   |   |   |   |   |   |    |    |   |
|           |         |                                                        |       |  |   |   |    |   |   |   |   |   |   |   |   |    |    |   |
|   phv320  |  egress |                                                        |   SH  |  |   |   |    |   |   |   |   |   |   |   |   |    |    |   |
|   [15:12] |  egress |                  hdr.ip.version[3:0]                   |  pkt  |  | W | ~ | ~  | ~ | ~ | ~ | ~ | ~ | ~ | ~ | ~ | ~  | ~  | R |
|   [11:8]  |  egress |                    hdr.ip.ihl[3:0]                     |  pkt  |  | W | ~ | ~  | ~ | ~ | ~ | ~ | ~ | ~ | ~ | ~ | ~  | ~  | R |
|    [7:0]  |  egress |                    hdr.ip.tos[7:0]                     |  pkt  |  | W | ~ | ~  | ~ | ~ | ~ | ~ | ~ | ~ | ~ | ~ | ~  | ~  | R |
|   phv321  |  egress |                                                        |       |  |   |   |    |   |   |   |   |   |   |   |   |    |    |   |
|   [15:0]  |  egress | hdr.min_parse_depth_padding_0[1].packet_payload[15:0]  |  pkt  |  | W | ~ | ~  | ~ | ~ | ~ | ~ | ~ | ~ | ~ | ~ | ~  | ~  | R |
|   phv322  |  egress |                                                        |       |  |   |   |    |   |   |   |   |   |   |   |   |    |    |   |
|   [15:0]  |  egress | hdr.min_parse_depth_padding_0[1].packet_payload[31:16] |  pkt  |  | W | ~ | ~  | ~ | ~ | ~ | ~ | ~ | ~ | ~ | ~ | ~  | ~  | R |
|   phv323  |  egress |                                                        |       |  |   |   |    |   |   |   |   |   |   |   |   |    |    |   |
|   [15:0]  |  egress | hdr.min_parse_depth_padding_0[1].packet_payload[47:32] |  pkt  |  | W | ~ | ~  | ~ | ~ | ~ | ~ | ~ | ~ | ~ | ~ | ~  | ~  | R |
|   phv324  |  egress |                                                        |       |  |   |   |    |   |   |   |   |   |   |   |   |    |    |   |
|   [15:0]  |  egress | hdr.min_parse_depth_padding_0[1].packet_payload[63:48] |  pkt  |  | W | ~ | ~  | ~ | ~ | ~ | ~ | ~ | ~ | ~ | ~ | ~  | ~  | R |
|   phv325  |  egress |                                                        |       |  |   |   |    |   |   |   |   |   |   |   |   |    |    |   |
|   [15:0]  |  egress | hdr.min_parse_depth_padding_0[0].packet_payload[79:64] |  pkt  |  | W | ~ | ~  | ~ | ~ | ~ | ~ | ~ | ~ | ~ | ~ | ~  | ~  | R |
|   phv326  | ingress |                                                        |   SH  |  |   |   |    |   |   |   |   |   |   |   |   |    |    |   |
|   [15:12] | ingress |                  hdr.ip.version[3:0]                   |  pkt  |  | W | ~ | ~  | ~ | ~ | ~ | ~ | ~ | ~ | ~ | ~ | ~  | ~  | R |
|   [11:8]  | ingress |                    hdr.ip.ihl[3:0]                     |  pkt  |  | W | ~ | ~  | ~ | ~ | ~ | ~ | ~ | ~ | ~ | ~ | ~  | ~  | R |
|    [7:0]  | ingress |                    hdr.ip.tos[7:0]                     |  pkt  |  | W | ~ | ~  | ~ | ~ | ~ | ~ | ~ | ~ | ~ | ~ | ~  | ~  | R |
|   phv327  | ingress |                                                        |       |  |   |   |    |   |   |   |   |   |   |   |   |    |    |   |
|   [15:0]  | ingress |              hdr.ethernet.src_addr[47:32]              |  pkt  |  | W | ~ | ~  | ~ | ~ | ~ | ~ | ~ | ~ | ~ | ~ | ~  | ~  | R |
|   phv328  |    -    |                                                        |       |  |   |   |    |   |   |   |   |   |   |   |   |    |    |   |
|   phv329  |    -    |                                                        |       |  |   |   |    |   |   |   |   |   |   |   |   |    |    |   |
|   phv330  |    -    |                                                        |       |  |   |   |    |   |   |   |   |   |   |   |   |    |    |   |
|   phv331  |    -    |                                                        |       |  |   |   |    |   |   |   |   |   |   |   |   |    |    |   |
|   phv332  |  egress |                                                        |       |  |   |   |    |   |   |   |   |   |   |   |   |    |    |   |
|   [15:0]  |  egress | hdr.min_parse_depth_padding_0[1].packet_payload[79:64] |  pkt  |  | W | ~ | ~  | ~ | ~ | ~ | ~ | ~ | ~ | ~ | ~ | ~  | ~  | R |
|   phv333  |  egress |                                                        |       |  |   |   |    |   |   |   |   |   |   |   |   |    |    |   |
|   [15:0]  |  egress | hdr.min_parse_depth_padding_0[2].packet_payload[79:64] |  pkt  |  | W | ~ | ~  | ~ | ~ | ~ | ~ | ~ | ~ | ~ | ~ | ~  | ~  | R |
|   phv334  |  egress |                                                        |       |  |   |   |    |   |   |   |   |   |   |   |   |    |    |   |
|   [15:0]  |  egress |             hdr.ethernet.ether_type[15:0]              |  pkt  |  | W | ~ | ~  | ~ | ~ | ~ | ~ | ~ | ~ | ~ | ~ | ~  | ~  | R |
|   phv335  |  egress |                                                        |       |  |   |   |    |   |   |   |   |   |   |   |   |    |    |   |
|   [15:0]  |  egress |              hdr.ethernet.src_addr[47:32]              |  pkt  |  | W | ~ | ~  | ~ | ~ | ~ | ~ | ~ | ~ | ~ | ~ | ~  | ~  | R |
|   phv336  |  egress |                                                        |       |  |   |   |    |   |   |   |   |   |   |   |   |    |    |   |
|   [15:0]  |  egress |              hdr.ethernet.dst_addr[47:32]              |  pkt  |  | W | ~ | ~  | ~ | ~ | ~ | ~ | ~ | ~ | ~ | ~ | ~  | ~  | R |
|   phv337  |    -    |                                                        |       |  |   |   |    |   |   |   |   |   |   |   |   |    |    |   |
|   phv338  |    -    |                                                        |       |  |   |   |    |   |   |   |   |   |   |   |   |    |    |   |
|   phv339  |    -    |                                                        |       |  |   |   |    |   |   |   |   |   |   |   |   |    |    |   |
|   phv340  |    -    |                                                        |       |  |   |   |    |   |   |   |   |   |   |   |   |    |    |   |
|   phv341  |    -    |                                                        |       |  |   |   |    |   |   |   |   |   |   |   |   |    |    |   |
|   phv342  |    -    |                                                        |       |  |   |   |    |   |   |   |   |   |   |   |   |    |    |   |
|   phv343  |    -    |                                                        |       |  |   |   |    |   |   |   |   |   |   |   |   |    |    |   |
|   phv344  |    -    |                                                        |       |  |   |   |    |   |   |   |   |   |   |   |   |    |    |   |
|   phv345  |    -    |                                                        |       |  |   |   |    |   |   |   |   |   |   |   |   |    |    |   |
|   phv346  |    -    |                                                        |       |  |   |   |    |   |   |   |   |   |   |   |   |    |    |   |
|   phv347  |    -    |                                                        |       |  |   |   |    |   |   |   |   |   |   |   |   |    |    |   |
|   phv348  |    -    |                                                        |       |  |   |   |    |   |   |   |   |   |   |   |   |    |    |   |
|   phv349  |    -    |                                                        |       |  |   |   |    |   |   |   |   |   |   |   |   |    |    |   |
|   phv350  |    -    |                                                        |       |  |   |   |    |   |   |   |   |   |   |   |   |    |    |   |
|   phv351  |    -    |                                                        |       |  |   |   |    |   |   |   |   |   |   |   |   |    |    |   |
|   phv352  |    -    |                                                        |       |  |   |   |    |   |   |   |   |   |   |   |   |    |    |   |
|   phv353  |    -    |                                                        |       |  |   |   |    |   |   |   |   |   |   |   |   |    |    |   |
|   phv354  |    -    |                                                        |       |  |   |   |    |   |   |   |   |   |   |   |   |    |    |   |
|   phv355  |    -    |                                                        |       |  |   |   |    |   |   |   |   |   |   |   |   |    |    |   |
|   phv356  |    -    |                                                        |       |  |   |   |    |   |   |   |   |   |   |   |   |    |    |   |
|   phv357  |    -    |                                                        |       |  |   |   |    |   |   |   |   |   |   |   |   |    |    |   |
|   phv358  |    -    |                                                        |       |  |   |   |    |   |   |   |   |   |   |   |   |    |    |   |
|   phv359  |    -    |                                                        |       |  |   |   |    |   |   |   |   |   |   |   |   |    |    |   |
|   phv360  |    -    |                                                        |       |  |   |   |    |   |   |   |   |   |   |   |   |    |    |   |
|   phv361  |    -    |                                                        |       |  |   |   |    |   |   |   |   |   |   |   |   |    |    |   |
|   phv362  |    -    |                                                        |       |  |   |   |    |   |   |   |   |   |   |   |   |    |    |   |
|   phv363  |    -    |                                                        |       |  |   |   |    |   |   |   |   |   |   |   |   |    |    |   |
|   phv364  |    -    |                                                        |       |  |   |   |    |   |   |   |   |   |   |   |   |    |    |   |
|   phv365  |    -    |                                                        |       |  |   |   |    |   |   |   |   |   |   |   |   |    |    |   |
|   phv366  |    -    |                                                        |       |  |   |   |    |   |   |   |   |   |   |   |   |    |    |   |
|   phv367  |    -    |                                                        |       |  |   |   |    |   |   |   |   |   |   |   |   |    |    |   |
-------------------------------------------------------------------------------------------------------------------------------------------------------


Containers used: 75
Containers with data overlayed: 10  (13.33%)
Containers shared: 20  (26.67%)

------------------------
  Legend:
------------------------
   P:     Parsed
   D:     Deparsed
   OL:    Overlay
   SH:    Shared
   pkt:   Packet data
   meta:  Metadata
   imeta: Intrinsic Metadata
   pov:   Packet Occupancy Vector bit
   R:     Read
   W:     Write
   ~:     Field is live


---------------------------------------------------------------------------------------------------------------------------------------
| Direction | Location | Fields Live | Bits Live | Header Fields Live | Header Bits Live | Metadata Fields Live | Metadata Bits Live |
---------------------------------------------------------------------------------------------------------------------------------------
|  ingress  |  Parser  | 20 (40.00%) |    354    |    16 (100.00%)    |       288        |      4 (11.76%)      |         66         |
|  ingress  | Stage 0  | 21 (42.00%) |    339    |    15 (93.75%)     |       272        |      6 (17.65%)      |         67         |
|  ingress  | Stage 1  | 26 (52.00%) |    463    |    15 (93.75%)     |       272        |     11 (32.35%)      |        191         |
|  ingress  | Stage 2  | 28 (56.00%) |    558    |    15 (93.75%)     |       272        |     13 (38.24%)      |        286         |
|  ingress  | Stage 3  | 27 (54.00%) |    446    |    15 (93.75%)     |       272        |     12 (35.29%)      |        174         |
|  ingress  | Stage 4  | 24 (48.00%) |    398    |    15 (93.75%)     |       272        |      9 (26.47%)      |        126         |
|  ingress  | Stage 5  | 24 (48.00%) |    422    |    15 (93.75%)     |       272        |      9 (26.47%)      |        150         |
|  ingress  | Stage 6  | 23 (46.00%) |    390    |    15 (93.75%)     |       272        |      8 (23.53%)      |        118         |
|  ingress  | Stage 7  | 22 (44.00%) |    358    |    15 (93.75%)     |       272        |      7 (20.59%)      |         86         |
|  ingress  | Stage 8  | 22 (44.00%) |    382    |    15 (93.75%)     |       272        |      7 (20.59%)      |        110         |
|  ingress  | Stage 9  | 22 (44.00%) |    382    |    15 (93.75%)     |       272        |      7 (20.59%)      |        110         |
|  ingress  | Stage 10 | 22 (44.00%) |    382    |    15 (93.75%)     |       272        |      7 (20.59%)      |        110         |
|  ingress  | Stage 11 | 21 (42.00%) |    323    |    15 (93.75%)     |       272        |      6 (17.65%)      |         51         |
|  ingress  | Deparser | 22 (44.00%) |    304    |    15 (93.75%)     |       272        |      7 (20.59%)      |         32         |
|           |          |             |           |                    |                  |                      |                    |
|   egress  |  Parser  | 26 (70.27%) |    591    |    18 (100.00%)    |       536        |      8 (42.11%)      |         55         |
|   egress  | Stage 0  | 25 (67.57%) |    574    |    18 (100.00%)    |       536        |      7 (36.84%)      |         38         |
|   egress  | Stage 1  | 24 (64.86%) |    559    |    18 (100.00%)    |       536        |      6 (31.58%)      |         23         |
|   egress  | Stage 2  | 24 (64.86%) |    559    |    18 (100.00%)    |       536        |      6 (31.58%)      |         23         |
|   egress  | Stage 3  | 25 (67.57%) |    613    |    18 (100.00%)    |       536        |      7 (36.84%)      |         77         |
|   egress  | Stage 4  | 27 (72.97%) |    677    |    18 (100.00%)    |       536        |      9 (47.37%)      |        141         |
|   egress  | Stage 5  | 29 (78.38%) |    741    |    18 (100.00%)    |       536        |     11 (57.89%)      |        205         |
|   egress  | Stage 6  | 31 (83.78%) |    805    |    18 (100.00%)    |       536        |     13 (68.42%)      |        269         |
|   egress  | Stage 7  | 27 (72.97%) |    677    |    18 (100.00%)    |       536        |      9 (47.37%)      |        141         |
|   egress  | Stage 8  | 23 (62.16%) |    549    |    18 (100.00%)    |       536        |      5 (26.32%)      |         13         |
|   egress  | Stage 9  | 23 (62.16%) |    549    |    18 (100.00%)    |       536        |      5 (26.32%)      |         13         |
|   egress  | Stage 10 | 23 (62.16%) |    549    |    18 (100.00%)    |       536        |      5 (26.32%)      |         13         |
|   egress  | Stage 11 | 23 (62.16%) |    549    |    18 (100.00%)    |       536        |      5 (26.32%)      |         13         |
|   egress  | Deparser | 24 (64.86%) |    550    |    18 (100.00%)    |       536        |      6 (31.58%)      |         14         |
---------------------------------------------------------------------------------------------------------------------------------------




------------------------------------------------------------------------------------------------------------------------------------------------------------------------------------------------------------------------------
| Direction | Container |    Parser   |   Stage 0   |   Stage 1   |   Stage 2   |   Stage 3   |   Stage 4   |   Stage 5   |   Stage 6   |   Stage 7   |   Stage 8   |   Stage 9   |   Stage 10  |   Stage 11  |   Deparser  |
------------------------------------------------------------------------------------------------------------------------------------------------------------------------------------------------------------------------------
|  ingress  |    phv0   |      -      |      -      | 1 (32 bits) | 1 (32 bits) | 1 (32 bits) |      -      |      -      |      -      |      -      | 1 (32 bits) |      -      |      -      |      -      |      -      |
|  ingress  |    phv1   |      -      |      -      |      -      | 1 (32 bits) | 1 (32 bits) | 1 (32 bits) | 1 (32 bits) | 1 (32 bits) | 1 (32 bits) | 1 (32 bits) | 1 (32 bits) |      -      |      -      |      -      |
|  ingress  |    phv2   |      -      |      -      |      -      | 1 (32 bits) | 1 (32 bits) | 1 (32 bits) | 1 (32 bits) | 1 (32 bits) | 1 (32 bits) | 1 (32 bits) | 1 (32 bits) | 1 (32 bits) |      -      |      -      |
|  ingress  |    phv3   |      -      |      -      |      -      | 1 (32 bits) |      -      |      -      | 1 (32 bits) |      -      |      -      |      -      |      -      | 1 (32 bits) |      -      |      -      |
|  ingress  |    phv4   |      -      |      -      |      -      | 1 (32 bits) |      -      |      -      |      -      |      -      |      -      |      -      | 1 (32 bits) | 1 (32 bits) | 1 (32 bits) |      -      |
|  ingress  |    phv5   | 1 (16 bits) |      -      | 1 (32 bits) | 1 (32 bits) | 1 (32 bits) | 1 (32 bits) | 1 (32 bits) | 1 (32 bits) |      -      |      -      |      -      |      -      |      -      |      -      |
|  ingress  |    phv6   |      -      |      -      | 1 (32 bits) |      -      |      -      |      -      |      -      |      -      |      -      |      -      |      -      |      -      |      -      |      -      |
|  ingress  |    phv7   |      -      |      -      | 1 (32 bits) |      -      |      -      |      -      |      -      |      -      |      -      |      -      |      -      |      -      |      -      |      -      |
|  ingress  |    phv8   |      -      |  1 (8 bits) | 2 (19 bits) |  1 (3 bits) |  1 (3 bits) |  1 (3 bits) |  1 (3 bits) |  1 (3 bits) |  1 (3 bits) |  1 (3 bits) |  1 (3 bits) |  1 (3 bits) |  2 (8 bits) |  2 (8 bits) |
|  ingress  |    phv9   | 1 (32 bits) | 1 (32 bits) | 1 (32 bits) | 1 (32 bits) | 1 (32 bits) | 1 (32 bits) | 1 (32 bits) | 1 (32 bits) | 1 (32 bits) | 1 (32 bits) | 1 (32 bits) | 1 (32 bits) | 1 (32 bits) | 1 (32 bits) |
|  ingress  |   phv10   | 1 (32 bits) | 1 (32 bits) | 1 (32 bits) | 1 (32 bits) | 1 (32 bits) | 1 (32 bits) | 1 (32 bits) | 1 (32 bits) | 1 (32 bits) | 1 (32 bits) | 1 (32 bits) | 1 (32 bits) | 1 (32 bits) | 1 (32 bits) |
|  ingress  |   phv11   | 1 (32 bits) | 1 (32 bits) | 1 (32 bits) | 1 (32 bits) | 1 (32 bits) | 1 (32 bits) | 1 (32 bits) | 1 (32 bits) | 1 (32 bits) | 1 (32 bits) | 1 (32 bits) | 1 (32 bits) | 1 (32 bits) | 1 (32 bits) |
|  ingress  |   phv12   |      -      |      -      |      -      | 1 (32 bits) |      -      |      -      |      -      |      -      |      -      |      -      |      -      |      -      |      -      |      -      |
|  ingress  |   phv13   |      -      |      -      |      -      | 1 (32 bits) |      -      |      -      |      -      |      -      |      -      |      -      |      -      |      -      |      -      |      -      |
|  ingress  |   phv14   | 1 (24 bits) |  1 (8 bits) |      -      |      -      |      -      |      -      |      -      |      -      |      -      |      -      |      -      |      -      |      -      |      -      |
|   egress  |   phv16   | 1 (32 bits) | 1 (32 bits) | 1 (32 bits) | 1 (32 bits) | 1 (32 bits) | 1 (32 bits) | 1 (32 bits) | 1 (32 bits) | 1 (32 bits) | 1 (32 bits) | 1 (32 bits) | 1 (32 bits) | 1 (32 bits) | 1 (32 bits) |
|   egress  |   phv17   |      -      |      -      |      -      |      -      | 1 (32 bits) | 1 (32 bits) | 1 (32 bits) | 1 (32 bits) | 1 (32 bits) |      -      |      -      |      -      |      -      |      -      |
|   egress  |   phv18   | 1 (23 bits) |      -      |      -      |      -      |      -      |      -      | 1 (32 bits) | 1 (32 bits) | 1 (32 bits) |      -      |      -      |      -      |      -      |      -      |
|   egress  |   phv19   |      -      |      -      |      -      |      -      |      -      | 1 (32 bits) | 1 (32 bits) | 1 (32 bits) |      -      |      -      |      -      |      -      |      -      |      -      |
|   egress  |   phv20   |      -      |      -      |      -      | 1 (10 bits) |      -      |      -      |      -      | 1 (32 bits) |      -      |      -      |      -      |      -      |      -      |      -      |
|   egress  |   phv21   | 1 (32 bits) | 1 (32 bits) | 1 (32 bits) | 1 (32 bits) | 1 (32 bits) | 1 (32 bits) | 1 (32 bits) | 1 (32 bits) | 1 (32 bits) | 1 (32 bits) | 1 (32 bits) | 1 (32 bits) | 1 (32 bits) | 1 (32 bits) |
|   egress  |   phv22   |      -      |      -      |      -      |      -      | 1 (32 bits) | 1 (32 bits) | 1 (32 bits) | 1 (32 bits) | 1 (32 bits) |      -      |      -      |      -      |      -      |      -      |
|   egress  |   phv23   |      -      |      -      |      -      |      -      |      -      |      -      | 1 (32 bits) | 1 (32 bits) | 1 (32 bits) |      -      |      -      |      -      |      -      |      -      |
|   egress  |   phv24   |      -      |      -      |      -      |      -      |      -      | 1 (32 bits) | 1 (32 bits) | 1 (32 bits) |      -      |      -      |      -      |      -      |      -      |      -      |
|   egress  |   phv25   |      -      |      -      |      -      |      -      |      -      |      -      |      -      | 1 (32 bits) |      -      |      -      |      -      |      -      |      -      |      -      |
|           |           |             |             |             |             |             |             |             |             |             |             |             |             |             |             |
|  ingress  |   phv64   |      -      |      -      |      -      |      -      |      -      |      -      |      -      |      -      |      -      |      -      |      -      |      -      |      -      |  1 (3 bits) |
|  ingress  |   phv65   |      -      |  1 (8 bits) |      -      |      -      |  2 (8 bits) |      -      |      -      |      -      |      -      |      -      |      -      |      -      |      -      |      -      |
|  ingress  |   phv66   |      -      |  1 (8 bits) |      -      |      -      |  2 (8 bits) |      -      |      -      |      -      |      -      |      -      |      -      |      -      |      -      |      -      |
|  ingress  |   phv67   |      -      |  1 (8 bits) |      -      |      -      |      -      |  2 (8 bits) |  1 (8 bits) |  1 (8 bits) |  1 (8 bits) |      -      |      -      |      -      |      -      |      -      |
|  ingress  |   phv68   |  2 (2 bits) |  2 (2 bits) |  3 (3 bits) |  2 (2 bits) |  2 (2 bits) |  2 (2 bits) |  2 (2 bits) |  2 (2 bits) |  2 (2 bits) |  2 (2 bits) |  2 (2 bits) |  2 (2 bits) |  2 (2 bits) |  2 (2 bits) |
|   egress  |   phv80   |  3 (3 bits) |  2 (2 bits) |  2 (2 bits) |  2 (2 bits) |  2 (2 bits) |  2 (2 bits) |  2 (2 bits) |  2 (2 bits) |  2 (2 bits) |  2 (2 bits) |  2 (2 bits) |  2 (2 bits) |  2 (2 bits) |  3 (3 bits) |
|   egress  |   phv81   |  2 (2 bits) |  2 (2 bits) |  3 (4 bits) |  2 (2 bits) |  2 (2 bits) |  2 (2 bits) |  2 (2 bits) |  2 (2 bits) |  2 (2 bits) |  2 (2 bits) |  2 (2 bits) |  2 (2 bits) |  2 (2 bits) |  2 (2 bits) |
|   egress  |   phv82   |      -      |      -      |  1 (8 bits) |      -      |      -      |      -      |      -      |      -      |      -      |      -      |      -      |      -      |      -      |      -      |
|           |           |             |             |             |             |             |             |             |             |             |             |             |             |             |             |
|  ingress  |   phv128  |      -      |  1 (9 bits) |  1 (9 bits) |  1 (9 bits) |  1 (9 bits) |  1 (9 bits) |  1 (9 bits) |  1 (9 bits) |  1 (9 bits) |  1 (9 bits) |  1 (9 bits) |  1 (9 bits) |  1 (9 bits) |  1 (9 bits) |
|  ingress  |   phv129  |      -      | 1 (16 bits) | 1 (16 bits) | 1 (16 bits) |      -      |      -      |      -      |      -      |      -      |      -      |      -      |      -      |      -      |      -      |
|  ingress  |   phv130  |      -      |      -      |      -      |      -      |      -      |      -      |      -      |      -      |      -      |      -      |      -      |      -      |      -      | 1 (10 bits) |
|  ingress  |   phv131  | 1 (16 bits) | 1 (16 bits) | 1 (16 bits) | 1 (16 bits) | 1 (16 bits) | 1 (16 bits) | 1 (16 bits) | 1 (16 bits) | 1 (16 bits) | 1 (16 bits) | 1 (16 bits) | 1 (16 bits) | 1 (16 bits) | 1 (16 bits) |
|  ingress  |   phv132  | 1 (16 bits) | 1 (16 bits) | 1 (16 bits) | 1 (16 bits) | 1 (16 bits) | 1 (16 bits) | 1 (16 bits) | 1 (16 bits) | 1 (16 bits) | 1 (16 bits) | 1 (16 bits) | 1 (16 bits) | 1 (16 bits) | 1 (16 bits) |
|  ingress  |   phv133  | 1 (16 bits) | 1 (16 bits) | 1 (16 bits) | 1 (16 bits) | 1 (16 bits) | 1 (16 bits) | 1 (16 bits) | 1 (16 bits) | 1 (16 bits) | 1 (16 bits) | 1 (16 bits) | 1 (16 bits) | 1 (16 bits) | 1 (16 bits) |
|  ingress  |   phv134  |      -      |      -      | 1 (16 bits) |      -      |      -      |      -      |      -      |      -      |      -      |      -      |      -      |      -      |      -      |      -      |
|  ingress  |   phv135  | 1 (16 bits) |      -      |      -      |      -      |      -      |      -      |      -      |      -      |      -      |      -      |      -      |      -      |      -      |      -      |
|  ingress  |   phv136  | 1 (16 bits) |      -      |      -      |      -      |      -      |      -      |      -      |      -      |      -      |      -      |      -      |      -      |      -      |      -      |
|   egress  |   phv144  |  1 (9 bits) |  1 (9 bits) |  1 (9 bits) |  1 (9 bits) |  1 (9 bits) |  1 (9 bits) |  1 (9 bits) |  1 (9 bits) |  1 (9 bits) |  1 (9 bits) |  1 (9 bits) |  1 (9 bits) |  1 (9 bits) |  1 (9 bits) |
|   egress  |   phv145  |      -      |  1 (9 bits) |      -      |      -      |      -      |      -      |      -      |      -      |      -      |      -      |      -      |      -      |      -      |      -      |
|   egress  |   phv146  | 1 (16 bits) | 1 (16 bits) | 1 (16 bits) | 1 (16 bits) | 1 (16 bits) | 1 (16 bits) | 1 (16 bits) | 1 (16 bits) | 1 (16 bits) | 1 (16 bits) | 1 (16 bits) | 1 (16 bits) | 1 (16 bits) | 1 (16 bits) |
|   egress  |   phv147  |      -      | 1 (16 bits) |      -      |      -      |      -      |      -      |      -      |      -      |      -      |      -      |      -      |      -      |      -      |      -      |
|   egress  |   phv148  | 1 (16 bits) |      -      |      -      |      -      |      -      |      -      |      -      |      -      |      -      |      -      |      -      |      -      |      -      |      -      |
|           |           |             |             |             |             |             |             |             |             |             |             |             |             |             |             |
|   egress  |   phv256  | 3 (32 bits) | 3 (32 bits) | 3 (32 bits) | 3 (32 bits) | 3 (32 bits) | 3 (32 bits) | 3 (32 bits) | 3 (32 bits) | 3 (32 bits) | 3 (32 bits) | 3 (32 bits) | 3 (32 bits) | 3 (32 bits) | 3 (32 bits) |
|   egress  |   phv257  | 3 (32 bits) | 3 (32 bits) | 3 (32 bits) | 3 (32 bits) | 3 (32 bits) | 3 (32 bits) | 3 (32 bits) | 3 (32 bits) | 3 (32 bits) | 3 (32 bits) | 3 (32 bits) | 3 (32 bits) | 3 (32 bits) | 3 (32 bits) |
|   egress  |   phv258  | 1 (32 bits) | 1 (32 bits) | 1 (32 bits) | 1 (32 bits) | 1 (32 bits) | 1 (32 bits) | 1 (32 bits) | 1 (32 bits) | 1 (32 bits) | 1 (32 bits) | 1 (32 bits) | 1 (32 bits) | 1 (32 bits) | 1 (32 bits) |
|   egress  |   phv259  | 1 (32 bits) | 1 (32 bits) | 1 (32 bits) | 1 (32 bits) | 1 (32 bits) | 1 (32 bits) | 1 (32 bits) | 1 (32 bits) | 1 (32 bits) | 1 (32 bits) | 1 (32 bits) | 1 (32 bits) | 1 (32 bits) | 1 (32 bits) |
|  ingress  |   phv260  | 3 (32 bits) | 3 (32 bits) | 3 (32 bits) | 3 (32 bits) | 3 (32 bits) | 3 (32 bits) | 3 (32 bits) | 3 (32 bits) | 3 (32 bits) | 3 (32 bits) | 3 (32 bits) | 3 (32 bits) | 3 (32 bits) | 3 (32 bits) |
|  ingress  |   phv261  | 3 (32 bits) | 3 (32 bits) | 3 (32 bits) | 3 (32 bits) | 3 (32 bits) | 3 (32 bits) | 3 (32 bits) | 3 (32 bits) | 3 (32 bits) | 3 (32 bits) | 3 (32 bits) | 3 (32 bits) | 3 (32 bits) | 3 (32 bits) |
|  ingress  |   phv262  | 1 (32 bits) | 1 (32 bits) | 1 (32 bits) | 1 (32 bits) | 1 (32 bits) | 1 (32 bits) | 1 (32 bits) | 1 (32 bits) | 1 (32 bits) | 1 (32 bits) | 1 (32 bits) | 1 (32 bits) | 1 (32 bits) | 1 (32 bits) |
|   egress  |   phv264  | 1 (32 bits) | 1 (32 bits) | 1 (32 bits) | 1 (32 bits) | 1 (32 bits) | 1 (32 bits) | 1 (32 bits) | 1 (32 bits) | 1 (32 bits) | 1 (32 bits) | 1 (32 bits) | 1 (32 bits) | 1 (32 bits) | 1 (32 bits) |
|   egress  |   phv265  | 1 (32 bits) | 1 (32 bits) | 1 (32 bits) | 1 (32 bits) | 1 (32 bits) | 1 (32 bits) | 1 (32 bits) | 1 (32 bits) | 1 (32 bits) | 1 (32 bits) | 1 (32 bits) | 1 (32 bits) | 1 (32 bits) | 1 (32 bits) |
|   egress  |   phv266  | 1 (32 bits) | 1 (32 bits) | 1 (32 bits) | 1 (32 bits) | 1 (32 bits) | 1 (32 bits) | 1 (32 bits) | 1 (32 bits) | 1 (32 bits) | 1 (32 bits) | 1 (32 bits) | 1 (32 bits) | 1 (32 bits) | 1 (32 bits) |
|   egress  |   phv267  | 1 (32 bits) | 1 (32 bits) | 1 (32 bits) | 1 (32 bits) | 1 (32 bits) | 1 (32 bits) | 1 (32 bits) | 1 (32 bits) | 1 (32 bits) | 1 (32 bits) | 1 (32 bits) | 1 (32 bits) | 1 (32 bits) | 1 (32 bits) |
|           |           |             |             |             |             |             |             |             |             |             |             |             |             |             |             |
|   egress  |   phv288  |  1 (8 bits) |  1 (8 bits) |  1 (8 bits) |  1 (8 bits) |  1 (8 bits) |  1 (8 bits) |  1 (8 bits) |  1 (8 bits) |  1 (8 bits) |  1 (8 bits) |  1 (8 bits) |  1 (8 bits) |  1 (8 bits) |  1 (8 bits) |
|   egress  |   phv289  |  1 (8 bits) |  1 (8 bits) |  1 (8 bits) |  1 (8 bits) |  1 (8 bits) |  1 (8 bits) |  1 (8 bits) |  1 (8 bits) |  1 (8 bits) |  1 (8 bits) |  1 (8 bits) |  1 (8 bits) |  1 (8 bits) |  1 (8 bits) |
|   egress  |   phv290  |  1 (8 bits) |  1 (8 bits) |  1 (8 bits) |  1 (8 bits) |  1 (8 bits) |  1 (8 bits) |  1 (8 bits) |  1 (8 bits) |  1 (8 bits) |  1 (8 bits) |  1 (8 bits) |  1 (8 bits) |  1 (8 bits) |  1 (8 bits) |
|  ingress  |   phv292  |  1 (8 bits) |      -      |      -      |      -      |      -      |      -      |      -      |      -      |      -      |      -      |      -      |      -      |      -      |      -      |
|           |           |             |             |             |             |             |             |             |             |             |             |             |             |             |             |
|   egress  |   phv320  | 3 (16 bits) | 3 (16 bits) | 3 (16 bits) | 3 (16 bits) | 3 (16 bits) | 3 (16 bits) | 3 (16 bits) | 3 (16 bits) | 3 (16 bits) | 3 (16 bits) | 3 (16 bits) | 3 (16 bits) | 3 (16 bits) | 3 (16 bits) |
|   egress  |   phv321  | 1 (16 bits) | 1 (16 bits) | 1 (16 bits) | 1 (16 bits) | 1 (16 bits) | 1 (16 bits) | 1 (16 bits) | 1 (16 bits) | 1 (16 bits) | 1 (16 bits) | 1 (16 bits) | 1 (16 bits) | 1 (16 bits) | 1 (16 bits) |
|   egress  |   phv322  | 1 (16 bits) | 1 (16 bits) | 1 (16 bits) | 1 (16 bits) | 1 (16 bits) | 1 (16 bits) | 1 (16 bits) | 1 (16 bits) | 1 (16 bits) | 1 (16 bits) | 1 (16 bits) | 1 (16 bits) | 1 (16 bits) | 1 (16 bits) |
|   egress  |   phv323  | 1 (16 bits) | 1 (16 bits) | 1 (16 bits) | 1 (16 bits) | 1 (16 bits) | 1 (16 bits) | 1 (16 bits) | 1 (16 bits) | 1 (16 bits) | 1 (16 bits) | 1 (16 bits) | 1 (16 bits) | 1 (16 bits) | 1 (16 bits) |
|   egress  |   phv324  | 1 (16 bits) | 1 (16 bits) | 1 (16 bits) | 1 (16 bits) | 1 (16 bits) | 1 (16 bits) | 1 (16 bits) | 1 (16 bits) | 1 (16 bits) | 1 (16 bits) | 1 (16 bits) | 1 (16 bits) | 1 (16 bits) | 1 (16 bits) |
|   egress  |   phv325  | 1 (16 bits) | 1 (16 bits) | 1 (16 bits) | 1 (16 bits) | 1 (16 bits) | 1 (16 bits) | 1 (16 bits) | 1 (16 bits) | 1 (16 bits) | 1 (16 bits) | 1 (16 bits) | 1 (16 bits) | 1 (16 bits) | 1 (16 bits) |
|  ingress  |   phv326  | 3 (16 bits) | 3 (16 bits) | 3 (16 bits) | 3 (16 bits) | 3 (16 bits) | 3 (16 bits) | 3 (16 bits) | 3 (16 bits) | 3 (16 bits) | 3 (16 bits) | 3 (16 bits) | 3 (16 bits) | 3 (16 bits) | 3 (16 bits) |
|  ingress  |   phv327  | 1 (16 bits) | 1 (16 bits) | 1 (16 bits) | 1 (16 bits) | 1 (16 bits) | 1 (16 bits) | 1 (16 bits) | 1 (16 bits) | 1 (16 bits) | 1 (16 bits) | 1 (16 bits) | 1 (16 bits) | 1 (16 bits) | 1 (16 bits) |
|   egress  |   phv332  | 1 (16 bits) | 1 (16 bits) | 1 (16 bits) | 1 (16 bits) | 1 (16 bits) | 1 (16 bits) | 1 (16 bits) | 1 (16 bits) | 1 (16 bits) | 1 (16 bits) | 1 (16 bits) | 1 (16 bits) | 1 (16 bits) | 1 (16 bits) |
|   egress  |   phv333  | 1 (16 bits) | 1 (16 bits) | 1 (16 bits) | 1 (16 bits) | 1 (16 bits) | 1 (16 bits) | 1 (16 bits) | 1 (16 bits) | 1 (16 bits) | 1 (16 bits) | 1 (16 bits) | 1 (16 bits) | 1 (16 bits) | 1 (16 bits) |
|   egress  |   phv334  | 1 (16 bits) | 1 (16 bits) | 1 (16 bits) | 1 (16 bits) | 1 (16 bits) | 1 (16 bits) | 1 (16 bits) | 1 (16 bits) | 1 (16 bits) | 1 (16 bits) | 1 (16 bits) | 1 (16 bits) | 1 (16 bits) | 1 (16 bits) |
|   egress  |   phv335  | 1 (16 bits) | 1 (16 bits) | 1 (16 bits) | 1 (16 bits) | 1 (16 bits) | 1 (16 bits) | 1 (16 bits) | 1 (16 bits) | 1 (16 bits) | 1 (16 bits) | 1 (16 bits) | 1 (16 bits) | 1 (16 bits) | 1 (16 bits) |
|   egress  |   phv336  | 1 (16 bits) | 1 (16 bits) | 1 (16 bits) | 1 (16 bits) | 1 (16 bits) | 1 (16 bits) | 1 (16 bits) | 1 (16 bits) | 1 (16 bits) | 1 (16 bits) | 1 (16 bits) | 1 (16 bits) | 1 (16 bits) | 1 (16 bits) |
------------------------------------------------------------------------------------------------------------------------------------------------------------------------------------------------------------------------------

