Parser Characterization Report:
Number of states on ingress: 5

Number of matches on ingress: 9

Longest path (5 states) on ingress:
    $entry_point
    start
    TofinoIngressParser_parse_pktgen
    start_0
    EthIpParser_parse_ip

Shortest path (3 states) on ingress:
    $entry_point
    start
    start_0

Timing is met for min-sized packet (73 B) running at 100 Gbps

Extractor usage:
+----------------------------------+--------------------+-------+--------+--------+------------------+-------+
|State                             |Match               |8-bit  |16-bit  |32-bit  |Total Extractors  |Other  |
+----------------------------------+--------------------+-------+--------+--------+------------------+-------+
|$entry_point                      |*                   |0      |0       |0       |0                 |       |
|start                             |0b*******011000100  |1      |1       |2       |4                 |       |
|-                                 |0b*******001000100  |1      |1       |2       |4                 |       |
|-                                 |0x****              |1      |1       |2       |4                 |       |
|TofinoIngressParser_parse_pktgen  |*                   |0      |1       |0       |1                 |       |
|start_0                           |0x1234              |1      |3       |2       |6                 |       |
|-                                 |0x0800              |1      |3       |2       |6                 |       |
|-                                 |0x****              |1      |3       |2       |6                 |       |
|EthIpParser_parse_ip              |*                   |1      |2       |4       |7                 |       |
+----------------------------------+--------------------+-------+--------+--------+------------------+-------+
Number of states on egress: 6

Number of matches on egress: 11

Longest path (6 states) on egress:
    $entry_point
    start.$oob_stall_0
    start.$split_0
    min_parse_depth_accept_initial
    min_parse_depth_accept_loop.$split_0
    min_parse_depth_accept_loop.$it1.$split_0

Shortest path (4 states) on egress:
    $entry_point
    start.$oob_stall_0
    start.$split_0
    min_parse_depth_accept_initial

Timing is met for min-sized packet (73 B) running at 100 Gbps

Extractor usage:
+-------------------------------------------+--------+-------+--------+--------+------------------+-------+
|State                                      |Match   |8-bit  |16-bit  |32-bit  |Total Extractors  |Other  |
+-------------------------------------------+--------+-------+--------+--------+------------------+-------+
|$entry_point                               |*       |1      |2       |0       |3                 |       |
|start.$oob_stall_0                         |*       |0      |2       |2       |4                 |       |
|start.$split_0                             |0x1234  |0      |0       |0       |0                 |       |
|-                                          |0x0800  |1      |2       |4       |7                 |       |
|-                                          |0x****  |0      |0       |0       |0                 |       |
|min_parse_depth_accept_initial             |0x0     |2      |1       |2       |5                 |       |
|-                                          |0b**    |0      |0       |0       |0                 |       |
|min_parse_depth_accept_loop.$split_0       |0x0     |2      |4       |0       |6                 |       |
|-                                          |0b**    |0      |0       |0       |0                 |       |
|min_parse_depth_accept_loop.$it1.$split_0  |0x0     |2      |2       |2       |6                 |       |
|-                                          |0b**    |0      |1       |0       |1                 |       |
+-------------------------------------------+--------+-------+--------+--------+------------------+-------+
